0:0:0:0:0:0:0:1 - - [01/Apr/2024:17:54:20 -0300] "GET / HTTP/1.1" 200 382
0:0:0:0:0:0:0:1 - - [01/Apr/2024:17:54:20 -0300] "GET /script.js HTTP/1.1" 200 496
0:0:0:0:0:0:0:1 - - [01/Apr/2024:17:54:20 -0300] "GET /favicon.ico HTTP/1.1" 404 111
0:0:0:0:0:0:0:1 - - [01/Apr/2024:17:54:37 -0300] "POST /converter HTTP/1.1" 500 121
0:0:0:0:0:0:0:1 - - [01/Apr/2024:17:57:07 -0300] "GET / HTTP/1.1" 200 382
0:0:0:0:0:0:0:1 - - [01/Apr/2024:17:57:07 -0300] "GET /script.js HTTP/1.1" 200 496
0:0:0:0:0:0:0:1 - - [01/Apr/2024:17:57:07 -0300] "GET /favicon.ico HTTP/1.1" 404 111
0:0:0:0:0:0:0:1 - - [01/Apr/2024:17:57:13 -0300] "POST /converter HTTP/1.1" 500 121
0:0:0:0:0:0:0:1 - - [01/Apr/2024:18:00:21 -0300] "GET / HTTP/1.1" 200 382
0:0:0:0:0:0:0:1 - - [01/Apr/2024:18:00:21 -0300] "GET /script.js HTTP/1.1" 200 496
0:0:0:0:0:0:0:1 - - [01/Apr/2024:18:00:21 -0300] "GET /favicon.ico HTTP/1.1" 404 111
0:0:0:0:0:0:0:1 - - [01/Apr/2024:18:00:33 -0300] "POST /converter HTTP/1.1" 500 121
0:0:0:0:0:0:0:1 - - [01/Apr/2024:18:04:10 -0300] "GET / HTTP/1.1" 200 382
0:0:0:0:0:0:0:1 - - [01/Apr/2024:18:04:10 -0300] "GET /script.js HTTP/1.1" 200 496
0:0:0:0:0:0:0:1 - - [01/Apr/2024:18:04:10 -0300] "GET /favicon.ico HTTP/1.1" 404 111
0:0:0:0:0:0:0:1 - - [01/Apr/2024:18:04:15 -0300] "POST /converter HTTP/1.1" 500 121
0:0:0:0:0:0:0:1 - - [01/Apr/2024:18:08:34 -0300] "GET / HTTP/1.1" 200 382
0:0:0:0:0:0:0:1 - - [01/Apr/2024:18:08:34 -0300] "GET /script.js HTTP/1.1" 200 496
0:0:0:0:0:0:0:1 - - [01/Apr/2024:18:08:35 -0300] "GET /favicon.ico HTTP/1.1" 404 111
0:0:0:0:0:0:0:1 - - [01/Apr/2024:18:09:09 -0300] "POST /converter HTTP/1.1" 200 -
0:0:0:0:0:0:0:1 - - [01/Apr/2024:18:10:50 -0300] "GET / HTTP/1.1" 200 382
0:0:0:0:0:0:0:1 - - [01/Apr/2024:18:10:50 -0300] "GET /script.js HTTP/1.1" 200 496
0:0:0:0:0:0:0:1 - - [01/Apr/2024:18:10:50 -0300] "GET /favicon.ico HTTP/1.1" 404 111
0:0:0:0:0:0:0:1 - - [01/Apr/2024:18:11:36 -0300] "POST /converter HTTP/1.1" 200 -
0:0:0:0:0:0:0:1 - - [01/Apr/2024:18:13:44 -0300] "POST /converter HTTP/1.1" 200 -
0:0:0:0:0:0:0:1 - - [01/Apr/2024:18:14:14 -0300] "POST /converter HTTP/1.1" 200 -
0:0:0:0:0:0:0:1 - - [01/Apr/2024:18:14:24 -0300] "POST /converter HTTP/1.1" 200 22
0:0:0:0:0:0:0:1 - - [01/Apr/2024:18:18:11 -0300] "GET / HTTP/1.1" 200 382
0:0:0:0:0:0:0:1 - - [01/Apr/2024:18:18:11 -0300] "GET /favicon.ico HTTP/1.1" 404 111
0:0:0:0:0:0:0:1 - - [01/Apr/2024:18:18:31 -0300] "POST /converter HTTP/1.1" 200 22
0:0:0:0:0:0:0:1 - - [01/Apr/2024:18:22:23 -0300] "POST /converter HTTP/1.1" 200 -
0:0:0:0:0:0:0:1 - - [01/Apr/2024:18:23:56 -0300] "POST /converter HTTP/1.1" 200 22
0:0:0:0:0:0:0:1 - - [01/Apr/2024:18:25:04 -0300] "POST /converter HTTP/1.1" 200 -
0:0:0:0:0:0:0:1 - - [01/Apr/2024:18:25:13 -0300] "GET / HTTP/1.1" 200 382
0:0:0:0:0:0:0:1 - - [01/Apr/2024:18:25:13 -0300] "GET /script.js HTTP/1.1" 200 496
0:0:0:0:0:0:0:1 - - [01/Apr/2024:18:25:14 -0300] "GET /favicon.ico HTTP/1.1" 404 111
0:0:0:0:0:0:0:1 - - [01/Apr/2024:18:25:18 -0300] "POST /converter HTTP/1.1" 200 243
127.0.0.1 - - [01/Apr/2024:18:44:28 -0300] "GET / HTTP/1.1" 200 383
127.0.0.1 - - [01/Apr/2024:18:44:28 -0300] "GET /favicon.ico HTTP/1.1" 404 111
127.0.0.1 - - [01/Apr/2024:18:44:30 -0300] "GET / HTTP/1.1" 200 383
127.0.0.1 - - [01/Apr/2024:18:44:30 -0300] "GET /script.js HTTP/1.1" 200 496
127.0.0.1 - - [01/Apr/2024:18:44:30 -0300] "GET /favicon.ico HTTP/1.1" 404 111
127.0.0.1 - - [01/Apr/2024:18:44:35 -0300] "POST /converter HTTP/1.1" 200 243
127.0.0.1 - - [01/Apr/2024:18:44:35 -0300] "POST /converter HTTP/1.1" 200 243
0:0:0:0:0:0:0:1 - - [01/Apr/2024:18:49:19 -0300] "GET / HTTP/1.1" 200 382
0:0:0:0:0:0:0:1 - - [01/Apr/2024:18:49:19 -0300] "GET /script.js HTTP/1.1" 200 496
0:0:0:0:0:0:0:1 - - [01/Apr/2024:18:49:19 -0300] "GET /favicon.ico HTTP/1.1" 404 111
0:0:0:0:0:0:0:1 - - [01/Apr/2024:18:49:30 -0300] "POST /converter HTTP/1.1" 200 243
0:0:0:0:0:0:0:1 - - [01/Apr/2024:18:49:47 -0300] "POST /converter HTTP/1.1" 200 243
0:0:0:0:0:0:0:1 - - [01/Apr/2024:21:51:49 -0300] "GET / HTTP/1.1" 200 382
0:0:0:0:0:0:0:1 - - [01/Apr/2024:21:51:49 -0300] "GET /script.js HTTP/1.1" 200 496
0:0:0:0:0:0:0:1 - - [01/Apr/2024:21:51:49 -0300] "GET /favicon.ico HTTP/1.1" 404 111
0:0:0:0:0:0:0:1 - - [01/Apr/2024:21:51:54 -0300] "POST /converter HTTP/1.1" 200 243
